# JRE version: OpenJDK Runtime Environment (8.0_144-b01) (build 1.8.0_144-b01)
# Java VM: OpenJDK 64-Bit Server VM (25.144-b01 mixed mode linux-amd64 compressed oops)
Heap:
 PSYoungGen      total 423936K, used 149858K [0x0000000786c00000, 0x00000007b5d80000, 0x00000007c0000000)
  eden space 115712K, 0% used [0x0000000786c00000,0x0000000786c00000,0x000000078dd00000)
  from space 308224K, 48% used [0x000000078dd00000,0x0000000796f58a20,0x00000007a0a00000)
  to   space 312320K, 0% used [0x00000007a2c80000,0x00000007a2c80000,0x00000007b5d80000)
 ParOldGen       total 689152K, used 688708K [0x0000000714400000, 0x000000073e500000, 0x0000000786c00000)
  object space 689152K, 99% used [0x0000000714400000,0x000000073e491298,0x000000073e500000)
 Metaspace       used 7914K, capacity 8068K, committed 8448K, reserved 1056768K
  class space    used 848K, capacity 899K, committed 1024K, reserved 1048576K
GC Heap History (10 events):
Event: 8,754 GC heap after
Heap after GC invocations=10 (full 3):
 PSYoungGen      total 247808K, used 61814K [0x0000000786c00000, 0x00000007a6700000, 0x00000007c0000000)
  eden space 120832K, 0% used [0x0000000786c00000,0x0000000786c00000,0x000000078e200000)
  from space 126976K, 48% used [0x000000078e200000,0x0000000791e5dbb0,0x0000000795e00000)
  to   space 180736K, 0% used [0x000000079b680000,0x000000079b680000,0x00000007a6700000)
 ParOldGen       total 689152K, used 401171K [0x0000000714400000, 0x000000073e500000, 0x0000000786c00000)
  object space 689152K, 58% used [0x0000000714400000,0x000000072cbc4e80,0x000000073e500000)
 Metaspace       used 7914K, capacity 8068K, committed 8448K, reserved 1056768K
  class space    used 848K, capacity 899K, committed 1024K, reserved 1048576K
}
Event: 9,878 GC heap before
{Heap before GC invocations=11 (full 3):
 PSYoungGen      total 247808K, used 182646K [0x0000000786c00000, 0x00000007a6700000, 0x00000007c0000000)
  eden space 120832K, 100% used [0x0000000786c00000,0x000000078e200000,0x000000078e200000)
  from space 126976K, 48% used [0x000000078e200000,0x0000000791e5dbb0,0x0000000795e00000)
  to   space 180736K, 0% used [0x000000079b680000,0x000000079b680000,0x00000007a6700000)
 ParOldGen       total 689152K, used 401171K [0x0000000714400000, 0x000000073e500000, 0x0000000786c00000)
  object space 689152K, 58% used [0x0000000714400000,0x000000072cbc4e80,0x000000073e500000)
 Metaspace       used 7914K, capacity 8068K, committed 8448K, reserved 1056768K
  class space    used 848K, capacity 899K, committed 1024K, reserved 1048576K
Event: 10,132 GC heap after
Heap after GC invocations=11 (full 3):
 PSYoungGen      total 321536K, used 150464K [0x0000000786c00000, 0x00000007a8a00000, 0x00000007c0000000)
  eden space 140800K, 0% used [0x0000000786c00000,0x0000000786c00000,0x000000078f580000)
  from space 180736K, 83% used [0x000000079b680000,0x00000007a4970000,0x00000007a6700000)
  to   space 197632K, 0% used [0x000000078f580000,0x000000078f580000,0x000000079b680000)
 ParOldGen       total 689152K, used 401171K [0x0000000714400000, 0x000000073e500000, 0x0000000786c00000)
  object space 689152K, 58% used [0x0000000714400000,0x000000072cbc4e80,0x000000073e500000)
 Metaspace       used 7914K, capacity 8068K, committed 8448K, reserved 1056768K
  class space    used 848K, capacity 899K, committed 1024K, reserved 1048576K
}
Event: 11,115 GC heap before
{Heap before GC invocations=12 (full 3):
 PSYoungGen      total 321536K, used 291264K [0x0000000786c00000, 0x00000007a8a00000, 0x00000007c0000000)
  eden space 140800K, 100% used [0x0000000786c00000,0x000000078f580000,0x000000078f580000)
  from space 180736K, 83% used [0x000000079b680000,0x00000007a4970000,0x00000007a6700000)
  to   space 197632K, 0% used [0x000000078f580000,0x000000078f580000,0x000000079b680000)
 ParOldGen       total 689152K, used 401171K [0x0000000714400000, 0x000000073e500000, 0x0000000786c00000)
  object space 689152K, 58% used [0x0000000714400000,0x000000072cbc4e80,0x000000073e500000)
 Metaspace       used 7914K, capacity 8068K, committed 8448K, reserved 1056768K
  class space    used 848K, capacity 899K, committed 1024K, reserved 1048576K
Event: 11,341 GC heap after
Heap after GC invocations=12 (full 3):
 PSYoungGen      total 338432K, used 197632K [0x0000000786c00000, 0x00000007b0000000, 0x00000007c0000000)
  eden space 140800K, 0% used [0x0000000786c00000,0x0000000786c00000,0x000000078f580000)
  from space 197632K, 100% used [0x000000078f580000,0x000000079b680000,0x000000079b680000)
  to   space 251904K, 0% used [0x00000007a0a00000,0x00000007a0a00000,0x00000007b0000000)
 ParOldGen       total 689152K, used 459637K [0x0000000714400000, 0x000000073e500000, 0x0000000786c00000)
  object space 689152K, 66% used [0x0000000714400000,0x00000007304dd688,0x000000073e500000)
 Metaspace       used 7914K, capacity 8068K, committed 8448K, reserved 1056768K
  class space    used 848K, capacity 899K, committed 1024K, reserved 1048576K
}
Event: 12,605 GC heap before
{Heap before GC invocations=13 (full 3):
 PSYoungGen      total 338432K, used 338432K [0x0000000786c00000, 0x00000007b0000000, 0x00000007c0000000)
  eden space 140800K, 100% used [0x0000000786c00000,0x000000078f580000,0x000000078f580000)
  from space 197632K, 100% used [0x000000078f580000,0x000000079b680000,0x000000079b680000)
  to   space 251904K, 0% used [0x00000007a0a00000,0x00000007a0a00000,0x00000007b0000000)
 ParOldGen       total 689152K, used 459637K [0x0000000714400000, 0x000000073e500000, 0x0000000786c00000)
  object space 689152K, 66% used [0x0000000714400000,0x00000007304dd688,0x000000073e500000)
 Metaspace       used 7914K, capacity 8068K, committed 8448K, reserved 1056768K
  class space    used 848K, capacity 899K, committed 1024K, reserved 1048576K
Event: 12,878 GC heap after
Heap after GC invocations=13 (full 3):
 PSYoungGen      total 367616K, used 251904K [0x0000000786c00000, 0x00000007b7000000, 0x00000007c0000000)
  eden space 115712K, 0% used [0x0000000786c00000,0x0000000786c00000,0x000000078dd00000)
  from space 251904K, 100% used [0x00000007a0a00000,0x00000007b0000000,0x00000007b0000000)
  to   space 308224K, 0% used [0x000000078dd00000,0x000000078dd00000,0x00000007a0a00000)
 ParOldGen       total 689152K, used 509133K [0x0000000714400000, 0x000000073e500000, 0x0000000786c00000)
  object space 689152K, 73% used [0x0000000714400000,0x0000000733533688,0x000000073e500000)
 Metaspace       used 7914K, capacity 8068K, committed 8448K, reserved 1056768K
  class space    used 848K, capacity 899K, committed 1024K, reserved 1048576K
}
Event: 13,889 GC heap before
{Heap before GC invocations=14 (full 3):
 PSYoungGen      total 367616K, used 367616K [0x0000000786c00000, 0x00000007b7000000, 0x00000007c0000000)
  eden space 115712K, 100% used [0x0000000786c00000,0x000000078dd00000,0x000000078dd00000)
  from space 251904K, 100% used [0x00000007a0a00000,0x00000007b0000000,0x00000007b0000000)
  to   space 308224K, 0% used [0x000000078dd00000,0x000000078dd00000,0x00000007a0a00000)
 ParOldGen       total 689152K, used 509133K [0x0000000714400000, 0x000000073e500000, 0x0000000786c00000)
  object space 689152K, 73% used [0x0000000714400000,0x0000000733533688,0x000000073e500000)
 Metaspace       used 7914K, capacity 8068K, committed 8448K, reserved 1056768K
  class space    used 848K, capacity 899K, committed 1024K, reserved 1048576K
Event: 14,270 GC heap after
Heap after GC invocations=14 (full 3):
 PSYoungGen      total 423936K, used 235232K [0x0000000786c00000, 0x00000007b5d80000, 0x00000007c0000000)
  eden space 115712K, 0% used [0x0000000786c00000,0x0000000786c00000,0x000000078dd00000)
  from space 308224K, 76% used [0x000000078dd00000,0x000000079c2b8000,0x00000007a0a00000)
  to   space 312320K, 0% used [0x00000007a2c80000,0x00000007a2c80000,0x00000007b5d80000)
 ParOldGen       total 689152K, used 611981K [0x0000000714400000, 0x000000073e500000, 0x0000000786c00000)
  object space 689152K, 88% used [0x0000000714400000,0x00000007399a3688,0x000000073e500000)
 Metaspace       used 7914K, capacity 8068K, committed 8448K, reserved 1056768K
  class space    used 848K, capacity 899K, committed 1024K, reserved 1048576K
}
Event: 14,271 GC heap before
{Heap before GC invocations=15 (full 4):
 PSYoungGen      total 423936K, used 235232K [0x0000000786c00000, 0x00000007b5d80000, 0x00000007c0000000)
  eden space 115712K, 0% used [0x0000000786c00000,0x0000000786c00000,0x000000078dd00000)
  from space 308224K, 76% used [0x000000078dd00000,0x000000079c2b8000,0x00000007a0a00000)
  to   space 312320K, 0% used [0x00000007a2c80000,0x00000007a2c80000,0x00000007b5d80000)
 ParOldGen       total 689152K, used 611981K [0x0000000714400000, 0x000000073e500000, 0x0000000786c00000)
  object space 689152K, 88% used [0x0000000714400000,0x00000007399a3688,0x000000073e500000)
 Metaspace       used 7914K, capacity 8068K, committed 8448K, reserved 1056768K
  class space    used 848K, capacity 899K, committed 1024K, reserved 1048576K

